ARM GAS  C:\Users\zager\AppData\Local\Temp\ccQVQaDi.s 			page 1


   1              		.cpu cortex-m4
   2              		.eabi_attribute 27, 1
   3              		.eabi_attribute 28, 1
   4              		.eabi_attribute 20, 1
   5              		.eabi_attribute 21, 1
   6              		.eabi_attribute 23, 3
   7              		.eabi_attribute 24, 1
   8              		.eabi_attribute 25, 1
   9              		.eabi_attribute 26, 1
  10              		.eabi_attribute 30, 1
  11              		.eabi_attribute 34, 1
  12              		.eabi_attribute 18, 4
  13              		.file	"main.c"
  14              		.text
  15              	.Ltext0:
  16              		.cfi_sections	.debug_frame
  17              		.section	.text.Error_Handler,"ax",%progbits
  18              		.align	1
  19              		.global	Error_Handler
  20              		.arch armv7e-m
  21              		.syntax unified
  22              		.thumb
  23              		.thumb_func
  24              		.fpu fpv4-sp-d16
  26              	Error_Handler:
  27              	.LFB137:
  28              		.file 1 "Src/main.c"
   1:Src/main.c    **** /* USER CODE BEGIN Header */
   2:Src/main.c    **** /**
   3:Src/main.c    ****   ******************************************************************************
   4:Src/main.c    ****   * @file           : main.c
   5:Src/main.c    ****   * @brief          : Main program body
   6:Src/main.c    ****   ******************************************************************************
   7:Src/main.c    ****   * @attention
   8:Src/main.c    ****   *
   9:Src/main.c    ****   * Copyright (c) 2023 STMicroelectronics.
  10:Src/main.c    ****   * All rights reserved.
  11:Src/main.c    ****   *
  12:Src/main.c    ****   * This software is licensed under terms that can be found in the LICENSE file
  13:Src/main.c    ****   * in the root directory of this software component.
  14:Src/main.c    ****   * If no LICENSE file comes with this software, it is provided AS-IS.
  15:Src/main.c    ****   *
  16:Src/main.c    ****   ******************************************************************************
  17:Src/main.c    ****   */
  18:Src/main.c    **** /* USER CODE END Header */
  19:Src/main.c    **** /* Includes ------------------------------------------------------------------*/
  20:Src/main.c    **** #include "main.h"
  21:Src/main.c    **** #include "dma.h"
  22:Src/main.c    **** #include "tim.h"
  23:Src/main.c    **** #include "usart.h"
  24:Src/main.c    **** #include "gpio.h"
  25:Src/main.c    **** 
  26:Src/main.c    **** /* Private includes ----------------------------------------------------------*/
  27:Src/main.c    **** /* USER CODE BEGIN Includes */
  28:Src/main.c    **** 
  29:Src/main.c    **** /* USER CODE END Includes */
  30:Src/main.c    **** 
ARM GAS  C:\Users\zager\AppData\Local\Temp\ccQVQaDi.s 			page 2


  31:Src/main.c    **** /* Private typedef -----------------------------------------------------------*/
  32:Src/main.c    **** /* USER CODE BEGIN PTD */
  33:Src/main.c    **** #include "debuglog_.h"
  34:Src/main.c    **** /* USER CODE END PTD */
  35:Src/main.c    **** 
  36:Src/main.c    **** /* Private define ------------------------------------------------------------*/
  37:Src/main.c    **** /* USER CODE BEGIN PD */
  38:Src/main.c    **** /* USER CODE END PD */
  39:Src/main.c    **** 
  40:Src/main.c    **** /* Private macro -------------------------------------------------------------*/
  41:Src/main.c    **** /* USER CODE BEGIN PM */
  42:Src/main.c    **** 
  43:Src/main.c    **** /* USER CODE END PM */
  44:Src/main.c    **** 
  45:Src/main.c    **** /* Private variables ---------------------------------------------------------*/
  46:Src/main.c    **** 
  47:Src/main.c    **** /* USER CODE BEGIN PV */
  48:Src/main.c    **** 
  49:Src/main.c    **** /* USER CODE END PV */
  50:Src/main.c    **** 
  51:Src/main.c    **** /* Private function prototypes -----------------------------------------------*/
  52:Src/main.c    **** void SystemClock_Config(void);
  53:Src/main.c    **** /* USER CODE BEGIN PFP */
  54:Src/main.c    **** 
  55:Src/main.c    **** /* USER CODE END PFP */
  56:Src/main.c    **** 
  57:Src/main.c    **** /* Private user code ---------------------------------------------------------*/
  58:Src/main.c    **** /* USER CODE BEGIN 0 */
  59:Src/main.c    **** 
  60:Src/main.c    **** /* USER CODE END 0 */
  61:Src/main.c    **** 
  62:Src/main.c    **** /**
  63:Src/main.c    ****   * @brief  The application entry point.
  64:Src/main.c    ****   * @retval int
  65:Src/main.c    ****   */
  66:Src/main.c    **** int main(void)
  67:Src/main.c    **** {
  68:Src/main.c    ****   /* USER CODE BEGIN 1 */
  69:Src/main.c    **** 
  70:Src/main.c    ****   /* USER CODE END 1 */
  71:Src/main.c    **** 
  72:Src/main.c    ****   /* MCU Configuration--------------------------------------------------------*/
  73:Src/main.c    **** 
  74:Src/main.c    ****   /* Reset of all peripherals, Initializes the Flash interface and the Systick. */
  75:Src/main.c    ****   HAL_Init();
  76:Src/main.c    **** 
  77:Src/main.c    ****   /* USER CODE BEGIN Init */
  78:Src/main.c    **** 
  79:Src/main.c    ****   /* USER CODE END Init */
  80:Src/main.c    **** 
  81:Src/main.c    ****   /* Configure the system clock */
  82:Src/main.c    ****   SystemClock_Config();
  83:Src/main.c    **** 
  84:Src/main.c    ****   /* USER CODE BEGIN SysInit */
  85:Src/main.c    **** 
  86:Src/main.c    ****   /* USER CODE END SysInit */
  87:Src/main.c    **** 
ARM GAS  C:\Users\zager\AppData\Local\Temp\ccQVQaDi.s 			page 3


  88:Src/main.c    ****   /* Initialize all configured peripherals */
  89:Src/main.c    ****   MX_GPIO_Init();
  90:Src/main.c    ****   MX_DMA_Init();
  91:Src/main.c    ****   MX_TIM1_Init();
  92:Src/main.c    ****   MX_USART1_UART_Init();
  93:Src/main.c    ****   /* USER CODE BEGIN 2 */
  94:Src/main.c    ****     User_Printf_Init();
  95:Src/main.c    ****     USER_DEBUG_NORMAL("APP hello world\r\n");
  96:Src/main.c    ****   /* USER CODE END 2 */
  97:Src/main.c    **** 
  98:Src/main.c    ****   /* Infinite loop */
  99:Src/main.c    ****   /* USER CODE BEGIN WHILE */
 100:Src/main.c    ****   while (1)
 101:Src/main.c    ****   {
 102:Src/main.c    ****     /* USER CODE END WHILE */
 103:Src/main.c    **** 
 104:Src/main.c    ****     /* USER CODE BEGIN 3 */
 105:Src/main.c    ****   }
 106:Src/main.c    ****   /* USER CODE END 3 */
 107:Src/main.c    **** }
 108:Src/main.c    **** 
 109:Src/main.c    **** /**
 110:Src/main.c    ****   * @brief System Clock Configuration
 111:Src/main.c    ****   * @retval None
 112:Src/main.c    ****   */
 113:Src/main.c    **** void SystemClock_Config(void)
 114:Src/main.c    **** {
 115:Src/main.c    ****   RCC_OscInitTypeDef RCC_OscInitStruct = {0};
 116:Src/main.c    ****   RCC_ClkInitTypeDef RCC_ClkInitStruct = {0};
 117:Src/main.c    **** 
 118:Src/main.c    ****   /** Configure the main internal regulator output voltage
 119:Src/main.c    ****   */
 120:Src/main.c    ****   HAL_PWREx_ControlVoltageScaling(PWR_REGULATOR_VOLTAGE_SCALE1);
 121:Src/main.c    **** 
 122:Src/main.c    ****   /** Initializes the RCC Oscillators according to the specified parameters
 123:Src/main.c    ****   * in the RCC_OscInitTypeDef structure.
 124:Src/main.c    ****   */
 125:Src/main.c    ****   RCC_OscInitStruct.OscillatorType = RCC_OSCILLATORTYPE_HSI;
 126:Src/main.c    ****   RCC_OscInitStruct.HSIState = RCC_HSI_ON;
 127:Src/main.c    ****   RCC_OscInitStruct.HSICalibrationValue = RCC_HSICALIBRATION_DEFAULT;
 128:Src/main.c    ****   RCC_OscInitStruct.PLL.PLLState = RCC_PLL_ON;
 129:Src/main.c    ****   RCC_OscInitStruct.PLL.PLLSource = RCC_PLLSOURCE_HSI;
 130:Src/main.c    ****   RCC_OscInitStruct.PLL.PLLM = RCC_PLLM_DIV4;
 131:Src/main.c    ****   RCC_OscInitStruct.PLL.PLLN = 75;
 132:Src/main.c    ****   RCC_OscInitStruct.PLL.PLLP = RCC_PLLP_DIV2;
 133:Src/main.c    ****   RCC_OscInitStruct.PLL.PLLQ = RCC_PLLQ_DIV2;
 134:Src/main.c    ****   RCC_OscInitStruct.PLL.PLLR = RCC_PLLR_DIV2;
 135:Src/main.c    ****   if (HAL_RCC_OscConfig(&RCC_OscInitStruct) != HAL_OK)
 136:Src/main.c    ****   {
 137:Src/main.c    ****     Error_Handler();
 138:Src/main.c    ****   }
 139:Src/main.c    **** 
 140:Src/main.c    ****   /** Initializes the CPU, AHB and APB buses clocks
 141:Src/main.c    ****   */
 142:Src/main.c    ****   RCC_ClkInitStruct.ClockType = RCC_CLOCKTYPE_HCLK|RCC_CLOCKTYPE_SYSCLK
 143:Src/main.c    ****                               |RCC_CLOCKTYPE_PCLK1|RCC_CLOCKTYPE_PCLK2;
 144:Src/main.c    ****   RCC_ClkInitStruct.SYSCLKSource = RCC_SYSCLKSOURCE_PLLCLK;
ARM GAS  C:\Users\zager\AppData\Local\Temp\ccQVQaDi.s 			page 4


 145:Src/main.c    ****   RCC_ClkInitStruct.AHBCLKDivider = RCC_SYSCLK_DIV1;
 146:Src/main.c    ****   RCC_ClkInitStruct.APB1CLKDivider = RCC_HCLK_DIV1;
 147:Src/main.c    ****   RCC_ClkInitStruct.APB2CLKDivider = RCC_HCLK_DIV1;
 148:Src/main.c    **** 
 149:Src/main.c    ****   if (HAL_RCC_ClockConfig(&RCC_ClkInitStruct, FLASH_LATENCY_4) != HAL_OK)
 150:Src/main.c    ****   {
 151:Src/main.c    ****     Error_Handler();
 152:Src/main.c    ****   }
 153:Src/main.c    **** }
 154:Src/main.c    **** 
 155:Src/main.c    **** /* USER CODE BEGIN 4 */
 156:Src/main.c    **** 
 157:Src/main.c    **** /* USER CODE END 4 */
 158:Src/main.c    **** 
 159:Src/main.c    **** /**
 160:Src/main.c    ****   * @brief  This function is executed in case of error occurrence.
 161:Src/main.c    ****   * @retval None
 162:Src/main.c    ****   */
 163:Src/main.c    **** void Error_Handler(void)
 164:Src/main.c    **** {
  29              		.loc 1 164 1 view -0
  30              		.cfi_startproc
  31              		@ Volatile: function does not return.
  32              		@ args = 0, pretend = 0, frame = 0
  33              		@ frame_needed = 0, uses_anonymous_args = 0
  34              		@ link register save eliminated.
 165:Src/main.c    ****   /* USER CODE BEGIN Error_Handler_Debug */
 166:Src/main.c    ****   /* User can add his own implementation to report the HAL error return state */
 167:Src/main.c    ****   __disable_irq();
  35              		.loc 1 167 3 view .LVU1
  36              	.LBB4:
  37              	.LBI4:
  38              		.file 2 "Drivers/CMSIS/Include/cmsis_gcc.h"
   1:Drivers/CMSIS/Include/cmsis_gcc.h **** /**************************************************************************//**
   2:Drivers/CMSIS/Include/cmsis_gcc.h ****  * @file     cmsis_gcc.h
   3:Drivers/CMSIS/Include/cmsis_gcc.h ****  * @brief    CMSIS compiler GCC header file
   4:Drivers/CMSIS/Include/cmsis_gcc.h ****  * @version  V5.2.0
   5:Drivers/CMSIS/Include/cmsis_gcc.h ****  * @date     08. May 2019
   6:Drivers/CMSIS/Include/cmsis_gcc.h ****  ******************************************************************************/
   7:Drivers/CMSIS/Include/cmsis_gcc.h **** /*
   8:Drivers/CMSIS/Include/cmsis_gcc.h ****  * Copyright (c) 2009-2019 Arm Limited. All rights reserved.
   9:Drivers/CMSIS/Include/cmsis_gcc.h ****  *
  10:Drivers/CMSIS/Include/cmsis_gcc.h ****  * SPDX-License-Identifier: Apache-2.0
  11:Drivers/CMSIS/Include/cmsis_gcc.h ****  *
  12:Drivers/CMSIS/Include/cmsis_gcc.h ****  * Licensed under the Apache License, Version 2.0 (the License); you may
  13:Drivers/CMSIS/Include/cmsis_gcc.h ****  * not use this file except in compliance with the License.
  14:Drivers/CMSIS/Include/cmsis_gcc.h ****  * You may obtain a copy of the License at
  15:Drivers/CMSIS/Include/cmsis_gcc.h ****  *
  16:Drivers/CMSIS/Include/cmsis_gcc.h ****  * www.apache.org/licenses/LICENSE-2.0
  17:Drivers/CMSIS/Include/cmsis_gcc.h ****  *
  18:Drivers/CMSIS/Include/cmsis_gcc.h ****  * Unless required by applicable law or agreed to in writing, software
  19:Drivers/CMSIS/Include/cmsis_gcc.h ****  * distributed under the License is distributed on an AS IS BASIS, WITHOUT
  20:Drivers/CMSIS/Include/cmsis_gcc.h ****  * WARRANTIES OR CONDITIONS OF ANY KIND, either express or implied.
  21:Drivers/CMSIS/Include/cmsis_gcc.h ****  * See the License for the specific language governing permissions and
  22:Drivers/CMSIS/Include/cmsis_gcc.h ****  * limitations under the License.
  23:Drivers/CMSIS/Include/cmsis_gcc.h ****  */
  24:Drivers/CMSIS/Include/cmsis_gcc.h **** 
ARM GAS  C:\Users\zager\AppData\Local\Temp\ccQVQaDi.s 			page 5


  25:Drivers/CMSIS/Include/cmsis_gcc.h **** #ifndef __CMSIS_GCC_H
  26:Drivers/CMSIS/Include/cmsis_gcc.h **** #define __CMSIS_GCC_H
  27:Drivers/CMSIS/Include/cmsis_gcc.h **** 
  28:Drivers/CMSIS/Include/cmsis_gcc.h **** /* ignore some GCC warnings */
  29:Drivers/CMSIS/Include/cmsis_gcc.h **** #pragma GCC diagnostic push
  30:Drivers/CMSIS/Include/cmsis_gcc.h **** #pragma GCC diagnostic ignored "-Wsign-conversion"
  31:Drivers/CMSIS/Include/cmsis_gcc.h **** #pragma GCC diagnostic ignored "-Wconversion"
  32:Drivers/CMSIS/Include/cmsis_gcc.h **** #pragma GCC diagnostic ignored "-Wunused-parameter"
  33:Drivers/CMSIS/Include/cmsis_gcc.h **** 
  34:Drivers/CMSIS/Include/cmsis_gcc.h **** /* Fallback for __has_builtin */
  35:Drivers/CMSIS/Include/cmsis_gcc.h **** #ifndef __has_builtin
  36:Drivers/CMSIS/Include/cmsis_gcc.h ****   #define __has_builtin(x) (0)
  37:Drivers/CMSIS/Include/cmsis_gcc.h **** #endif
  38:Drivers/CMSIS/Include/cmsis_gcc.h **** 
  39:Drivers/CMSIS/Include/cmsis_gcc.h **** /* CMSIS compiler specific defines */
  40:Drivers/CMSIS/Include/cmsis_gcc.h **** #ifndef   __ASM
  41:Drivers/CMSIS/Include/cmsis_gcc.h ****   #define __ASM                                  __asm
  42:Drivers/CMSIS/Include/cmsis_gcc.h **** #endif
  43:Drivers/CMSIS/Include/cmsis_gcc.h **** #ifndef   __INLINE
  44:Drivers/CMSIS/Include/cmsis_gcc.h ****   #define __INLINE                               inline
  45:Drivers/CMSIS/Include/cmsis_gcc.h **** #endif
  46:Drivers/CMSIS/Include/cmsis_gcc.h **** #ifndef   __STATIC_INLINE
  47:Drivers/CMSIS/Include/cmsis_gcc.h ****   #define __STATIC_INLINE                        static inline
  48:Drivers/CMSIS/Include/cmsis_gcc.h **** #endif
  49:Drivers/CMSIS/Include/cmsis_gcc.h **** #ifndef   __STATIC_FORCEINLINE                 
  50:Drivers/CMSIS/Include/cmsis_gcc.h ****   #define __STATIC_FORCEINLINE                   __attribute__((always_inline)) static inline
  51:Drivers/CMSIS/Include/cmsis_gcc.h **** #endif                                           
  52:Drivers/CMSIS/Include/cmsis_gcc.h **** #ifndef   __NO_RETURN
  53:Drivers/CMSIS/Include/cmsis_gcc.h ****   #define __NO_RETURN                            __attribute__((__noreturn__))
  54:Drivers/CMSIS/Include/cmsis_gcc.h **** #endif
  55:Drivers/CMSIS/Include/cmsis_gcc.h **** #ifndef   __USED
  56:Drivers/CMSIS/Include/cmsis_gcc.h ****   #define __USED                                 __attribute__((used))
  57:Drivers/CMSIS/Include/cmsis_gcc.h **** #endif
  58:Drivers/CMSIS/Include/cmsis_gcc.h **** #ifndef   __WEAK
  59:Drivers/CMSIS/Include/cmsis_gcc.h ****   #define __WEAK                                 __attribute__((weak))
  60:Drivers/CMSIS/Include/cmsis_gcc.h **** #endif
  61:Drivers/CMSIS/Include/cmsis_gcc.h **** #ifndef   __PACKED
  62:Drivers/CMSIS/Include/cmsis_gcc.h ****   #define __PACKED                               __attribute__((packed, aligned(1)))
  63:Drivers/CMSIS/Include/cmsis_gcc.h **** #endif
  64:Drivers/CMSIS/Include/cmsis_gcc.h **** #ifndef   __PACKED_STRUCT
  65:Drivers/CMSIS/Include/cmsis_gcc.h ****   #define __PACKED_STRUCT                        struct __attribute__((packed, aligned(1)))
  66:Drivers/CMSIS/Include/cmsis_gcc.h **** #endif
  67:Drivers/CMSIS/Include/cmsis_gcc.h **** #ifndef   __PACKED_UNION
  68:Drivers/CMSIS/Include/cmsis_gcc.h ****   #define __PACKED_UNION                         union __attribute__((packed, aligned(1)))
  69:Drivers/CMSIS/Include/cmsis_gcc.h **** #endif
  70:Drivers/CMSIS/Include/cmsis_gcc.h **** #ifndef   __UNALIGNED_UINT32        /* deprecated */
  71:Drivers/CMSIS/Include/cmsis_gcc.h ****   #pragma GCC diagnostic push
  72:Drivers/CMSIS/Include/cmsis_gcc.h ****   #pragma GCC diagnostic ignored "-Wpacked"
  73:Drivers/CMSIS/Include/cmsis_gcc.h ****   #pragma GCC diagnostic ignored "-Wattributes"
  74:Drivers/CMSIS/Include/cmsis_gcc.h ****   struct __attribute__((packed)) T_UINT32 { uint32_t v; };
  75:Drivers/CMSIS/Include/cmsis_gcc.h ****   #pragma GCC diagnostic pop
  76:Drivers/CMSIS/Include/cmsis_gcc.h ****   #define __UNALIGNED_UINT32(x)                  (((struct T_UINT32 *)(x))->v)
  77:Drivers/CMSIS/Include/cmsis_gcc.h **** #endif
  78:Drivers/CMSIS/Include/cmsis_gcc.h **** #ifndef   __UNALIGNED_UINT16_WRITE
  79:Drivers/CMSIS/Include/cmsis_gcc.h ****   #pragma GCC diagnostic push
  80:Drivers/CMSIS/Include/cmsis_gcc.h ****   #pragma GCC diagnostic ignored "-Wpacked"
  81:Drivers/CMSIS/Include/cmsis_gcc.h ****   #pragma GCC diagnostic ignored "-Wattributes"
ARM GAS  C:\Users\zager\AppData\Local\Temp\ccQVQaDi.s 			page 6


  82:Drivers/CMSIS/Include/cmsis_gcc.h ****   __PACKED_STRUCT T_UINT16_WRITE { uint16_t v; };
  83:Drivers/CMSIS/Include/cmsis_gcc.h ****   #pragma GCC diagnostic pop
  84:Drivers/CMSIS/Include/cmsis_gcc.h ****   #define __UNALIGNED_UINT16_WRITE(addr, val)    (void)((((struct T_UINT16_WRITE *)(void *)(addr))-
  85:Drivers/CMSIS/Include/cmsis_gcc.h **** #endif
  86:Drivers/CMSIS/Include/cmsis_gcc.h **** #ifndef   __UNALIGNED_UINT16_READ
  87:Drivers/CMSIS/Include/cmsis_gcc.h ****   #pragma GCC diagnostic push
  88:Drivers/CMSIS/Include/cmsis_gcc.h ****   #pragma GCC diagnostic ignored "-Wpacked"
  89:Drivers/CMSIS/Include/cmsis_gcc.h ****   #pragma GCC diagnostic ignored "-Wattributes"
  90:Drivers/CMSIS/Include/cmsis_gcc.h ****   __PACKED_STRUCT T_UINT16_READ { uint16_t v; };
  91:Drivers/CMSIS/Include/cmsis_gcc.h ****   #pragma GCC diagnostic pop
  92:Drivers/CMSIS/Include/cmsis_gcc.h ****   #define __UNALIGNED_UINT16_READ(addr)          (((const struct T_UINT16_READ *)(const void *)(add
  93:Drivers/CMSIS/Include/cmsis_gcc.h **** #endif
  94:Drivers/CMSIS/Include/cmsis_gcc.h **** #ifndef   __UNALIGNED_UINT32_WRITE
  95:Drivers/CMSIS/Include/cmsis_gcc.h ****   #pragma GCC diagnostic push
  96:Drivers/CMSIS/Include/cmsis_gcc.h ****   #pragma GCC diagnostic ignored "-Wpacked"
  97:Drivers/CMSIS/Include/cmsis_gcc.h ****   #pragma GCC diagnostic ignored "-Wattributes"
  98:Drivers/CMSIS/Include/cmsis_gcc.h ****   __PACKED_STRUCT T_UINT32_WRITE { uint32_t v; };
  99:Drivers/CMSIS/Include/cmsis_gcc.h ****   #pragma GCC diagnostic pop
 100:Drivers/CMSIS/Include/cmsis_gcc.h ****   #define __UNALIGNED_UINT32_WRITE(addr, val)    (void)((((struct T_UINT32_WRITE *)(void *)(addr))-
 101:Drivers/CMSIS/Include/cmsis_gcc.h **** #endif
 102:Drivers/CMSIS/Include/cmsis_gcc.h **** #ifndef   __UNALIGNED_UINT32_READ
 103:Drivers/CMSIS/Include/cmsis_gcc.h ****   #pragma GCC diagnostic push
 104:Drivers/CMSIS/Include/cmsis_gcc.h ****   #pragma GCC diagnostic ignored "-Wpacked"
 105:Drivers/CMSIS/Include/cmsis_gcc.h ****   #pragma GCC diagnostic ignored "-Wattributes"
 106:Drivers/CMSIS/Include/cmsis_gcc.h ****   __PACKED_STRUCT T_UINT32_READ { uint32_t v; };
 107:Drivers/CMSIS/Include/cmsis_gcc.h ****   #pragma GCC diagnostic pop
 108:Drivers/CMSIS/Include/cmsis_gcc.h ****   #define __UNALIGNED_UINT32_READ(addr)          (((const struct T_UINT32_READ *)(const void *)(add
 109:Drivers/CMSIS/Include/cmsis_gcc.h **** #endif
 110:Drivers/CMSIS/Include/cmsis_gcc.h **** #ifndef   __ALIGNED
 111:Drivers/CMSIS/Include/cmsis_gcc.h ****   #define __ALIGNED(x)                           __attribute__((aligned(x)))
 112:Drivers/CMSIS/Include/cmsis_gcc.h **** #endif
 113:Drivers/CMSIS/Include/cmsis_gcc.h **** #ifndef   __RESTRICT
 114:Drivers/CMSIS/Include/cmsis_gcc.h ****   #define __RESTRICT                             __restrict
 115:Drivers/CMSIS/Include/cmsis_gcc.h **** #endif
 116:Drivers/CMSIS/Include/cmsis_gcc.h **** #ifndef   __COMPILER_BARRIER
 117:Drivers/CMSIS/Include/cmsis_gcc.h ****   #define __COMPILER_BARRIER()                   __ASM volatile("":::"memory")
 118:Drivers/CMSIS/Include/cmsis_gcc.h **** #endif
 119:Drivers/CMSIS/Include/cmsis_gcc.h **** 
 120:Drivers/CMSIS/Include/cmsis_gcc.h **** /* #########################  Startup and Lowlevel Init  ######################## */
 121:Drivers/CMSIS/Include/cmsis_gcc.h **** 
 122:Drivers/CMSIS/Include/cmsis_gcc.h **** #ifndef __PROGRAM_START
 123:Drivers/CMSIS/Include/cmsis_gcc.h **** 
 124:Drivers/CMSIS/Include/cmsis_gcc.h **** /**
 125:Drivers/CMSIS/Include/cmsis_gcc.h ****   \brief   Initializes data and bss sections
 126:Drivers/CMSIS/Include/cmsis_gcc.h ****   \details This default implementations initialized all data and additional bss
 127:Drivers/CMSIS/Include/cmsis_gcc.h ****            sections relying on .copy.table and .zero.table specified properly
 128:Drivers/CMSIS/Include/cmsis_gcc.h ****            in the used linker script.
 129:Drivers/CMSIS/Include/cmsis_gcc.h ****   
 130:Drivers/CMSIS/Include/cmsis_gcc.h ****  */
 131:Drivers/CMSIS/Include/cmsis_gcc.h **** __STATIC_FORCEINLINE __NO_RETURN void __cmsis_start(void)
 132:Drivers/CMSIS/Include/cmsis_gcc.h **** {
 133:Drivers/CMSIS/Include/cmsis_gcc.h ****   extern void _start(void) __NO_RETURN;
 134:Drivers/CMSIS/Include/cmsis_gcc.h ****   
 135:Drivers/CMSIS/Include/cmsis_gcc.h ****   typedef struct {
 136:Drivers/CMSIS/Include/cmsis_gcc.h ****     uint32_t const* src;
 137:Drivers/CMSIS/Include/cmsis_gcc.h ****     uint32_t* dest;
 138:Drivers/CMSIS/Include/cmsis_gcc.h ****     uint32_t  wlen;
ARM GAS  C:\Users\zager\AppData\Local\Temp\ccQVQaDi.s 			page 7


 139:Drivers/CMSIS/Include/cmsis_gcc.h ****   } __copy_table_t;
 140:Drivers/CMSIS/Include/cmsis_gcc.h ****   
 141:Drivers/CMSIS/Include/cmsis_gcc.h ****   typedef struct {
 142:Drivers/CMSIS/Include/cmsis_gcc.h ****     uint32_t* dest;
 143:Drivers/CMSIS/Include/cmsis_gcc.h ****     uint32_t  wlen;
 144:Drivers/CMSIS/Include/cmsis_gcc.h ****   } __zero_table_t;
 145:Drivers/CMSIS/Include/cmsis_gcc.h ****   
 146:Drivers/CMSIS/Include/cmsis_gcc.h ****   extern const __copy_table_t __copy_table_start__;
 147:Drivers/CMSIS/Include/cmsis_gcc.h ****   extern const __copy_table_t __copy_table_end__;
 148:Drivers/CMSIS/Include/cmsis_gcc.h ****   extern const __zero_table_t __zero_table_start__;
 149:Drivers/CMSIS/Include/cmsis_gcc.h ****   extern const __zero_table_t __zero_table_end__;
 150:Drivers/CMSIS/Include/cmsis_gcc.h **** 
 151:Drivers/CMSIS/Include/cmsis_gcc.h ****   for (__copy_table_t const* pTable = &__copy_table_start__; pTable < &__copy_table_end__; ++pTable
 152:Drivers/CMSIS/Include/cmsis_gcc.h ****     for(uint32_t i=0u; i<pTable->wlen; ++i) {
 153:Drivers/CMSIS/Include/cmsis_gcc.h ****       pTable->dest[i] = pTable->src[i];
 154:Drivers/CMSIS/Include/cmsis_gcc.h ****     }
 155:Drivers/CMSIS/Include/cmsis_gcc.h ****   }
 156:Drivers/CMSIS/Include/cmsis_gcc.h ****  
 157:Drivers/CMSIS/Include/cmsis_gcc.h ****   for (__zero_table_t const* pTable = &__zero_table_start__; pTable < &__zero_table_end__; ++pTable
 158:Drivers/CMSIS/Include/cmsis_gcc.h ****     for(uint32_t i=0u; i<pTable->wlen; ++i) {
 159:Drivers/CMSIS/Include/cmsis_gcc.h ****       pTable->dest[i] = 0u;
 160:Drivers/CMSIS/Include/cmsis_gcc.h ****     }
 161:Drivers/CMSIS/Include/cmsis_gcc.h ****   }
 162:Drivers/CMSIS/Include/cmsis_gcc.h ****  
 163:Drivers/CMSIS/Include/cmsis_gcc.h ****   _start();
 164:Drivers/CMSIS/Include/cmsis_gcc.h **** }
 165:Drivers/CMSIS/Include/cmsis_gcc.h ****   
 166:Drivers/CMSIS/Include/cmsis_gcc.h **** #define __PROGRAM_START           __cmsis_start
 167:Drivers/CMSIS/Include/cmsis_gcc.h **** #endif
 168:Drivers/CMSIS/Include/cmsis_gcc.h **** 
 169:Drivers/CMSIS/Include/cmsis_gcc.h **** #ifndef __INITIAL_SP
 170:Drivers/CMSIS/Include/cmsis_gcc.h **** #define __INITIAL_SP              __StackTop
 171:Drivers/CMSIS/Include/cmsis_gcc.h **** #endif
 172:Drivers/CMSIS/Include/cmsis_gcc.h **** 
 173:Drivers/CMSIS/Include/cmsis_gcc.h **** #ifndef __STACK_LIMIT
 174:Drivers/CMSIS/Include/cmsis_gcc.h **** #define __STACK_LIMIT             __StackLimit
 175:Drivers/CMSIS/Include/cmsis_gcc.h **** #endif
 176:Drivers/CMSIS/Include/cmsis_gcc.h **** 
 177:Drivers/CMSIS/Include/cmsis_gcc.h **** #ifndef __VECTOR_TABLE
 178:Drivers/CMSIS/Include/cmsis_gcc.h **** #define __VECTOR_TABLE            __Vectors
 179:Drivers/CMSIS/Include/cmsis_gcc.h **** #endif
 180:Drivers/CMSIS/Include/cmsis_gcc.h **** 
 181:Drivers/CMSIS/Include/cmsis_gcc.h **** #ifndef __VECTOR_TABLE_ATTRIBUTE
 182:Drivers/CMSIS/Include/cmsis_gcc.h **** #define __VECTOR_TABLE_ATTRIBUTE  __attribute((used, section(".vectors")))
 183:Drivers/CMSIS/Include/cmsis_gcc.h **** #endif
 184:Drivers/CMSIS/Include/cmsis_gcc.h **** 
 185:Drivers/CMSIS/Include/cmsis_gcc.h **** /* ###########################  Core Function Access  ########################### */
 186:Drivers/CMSIS/Include/cmsis_gcc.h **** /** \ingroup  CMSIS_Core_FunctionInterface
 187:Drivers/CMSIS/Include/cmsis_gcc.h ****     \defgroup CMSIS_Core_RegAccFunctions CMSIS Core Register Access Functions
 188:Drivers/CMSIS/Include/cmsis_gcc.h ****   @{
 189:Drivers/CMSIS/Include/cmsis_gcc.h ****  */
 190:Drivers/CMSIS/Include/cmsis_gcc.h **** 
 191:Drivers/CMSIS/Include/cmsis_gcc.h **** /**
 192:Drivers/CMSIS/Include/cmsis_gcc.h ****   \brief   Enable IRQ Interrupts
 193:Drivers/CMSIS/Include/cmsis_gcc.h ****   \details Enables IRQ interrupts by clearing the I-bit in the CPSR.
 194:Drivers/CMSIS/Include/cmsis_gcc.h ****            Can only be executed in Privileged modes.
 195:Drivers/CMSIS/Include/cmsis_gcc.h ****  */
ARM GAS  C:\Users\zager\AppData\Local\Temp\ccQVQaDi.s 			page 8


 196:Drivers/CMSIS/Include/cmsis_gcc.h **** __STATIC_FORCEINLINE void __enable_irq(void)
 197:Drivers/CMSIS/Include/cmsis_gcc.h **** {
 198:Drivers/CMSIS/Include/cmsis_gcc.h ****   __ASM volatile ("cpsie i" : : : "memory");
 199:Drivers/CMSIS/Include/cmsis_gcc.h **** }
 200:Drivers/CMSIS/Include/cmsis_gcc.h **** 
 201:Drivers/CMSIS/Include/cmsis_gcc.h **** 
 202:Drivers/CMSIS/Include/cmsis_gcc.h **** /**
 203:Drivers/CMSIS/Include/cmsis_gcc.h ****   \brief   Disable IRQ Interrupts
 204:Drivers/CMSIS/Include/cmsis_gcc.h ****   \details Disables IRQ interrupts by setting the I-bit in the CPSR.
 205:Drivers/CMSIS/Include/cmsis_gcc.h ****            Can only be executed in Privileged modes.
 206:Drivers/CMSIS/Include/cmsis_gcc.h ****  */
 207:Drivers/CMSIS/Include/cmsis_gcc.h **** __STATIC_FORCEINLINE void __disable_irq(void)
  39              		.loc 2 207 27 view .LVU2
  40              	.LBB5:
 208:Drivers/CMSIS/Include/cmsis_gcc.h **** {
 209:Drivers/CMSIS/Include/cmsis_gcc.h ****   __ASM volatile ("cpsid i" : : : "memory");
  41              		.loc 2 209 3 view .LVU3
  42              		.syntax unified
  43              	@ 209 "Drivers/CMSIS/Include/cmsis_gcc.h" 1
  44 0000 72B6     		cpsid i
  45              	@ 0 "" 2
  46              		.thumb
  47              		.syntax unified
  48              	.L2:
  49              	.LBE5:
  50              	.LBE4:
 168:Src/main.c    ****   while (1)
  51              		.loc 1 168 3 discriminator 1 view .LVU4
 169:Src/main.c    ****   {
 170:Src/main.c    ****   }
  52              		.loc 1 170 3 discriminator 1 view .LVU5
 168:Src/main.c    ****   while (1)
  53              		.loc 1 168 9 discriminator 1 view .LVU6
  54 0002 FEE7     		b	.L2
  55              		.cfi_endproc
  56              	.LFE137:
  58              		.section	.text.SystemClock_Config,"ax",%progbits
  59              		.align	1
  60              		.global	SystemClock_Config
  61              		.syntax unified
  62              		.thumb
  63              		.thumb_func
  64              		.fpu fpv4-sp-d16
  66              	SystemClock_Config:
  67              	.LFB136:
 114:Src/main.c    ****   RCC_OscInitTypeDef RCC_OscInitStruct = {0};
  68              		.loc 1 114 1 view -0
  69              		.cfi_startproc
  70              		@ args = 0, pretend = 0, frame = 80
  71              		@ frame_needed = 0, uses_anonymous_args = 0
  72 0000 00B5     		push	{lr}
  73              	.LCFI0:
  74              		.cfi_def_cfa_offset 4
  75              		.cfi_offset 14, -4
  76 0002 95B0     		sub	sp, sp, #84
  77              	.LCFI1:
  78              		.cfi_def_cfa_offset 88
ARM GAS  C:\Users\zager\AppData\Local\Temp\ccQVQaDi.s 			page 9


 115:Src/main.c    ****   RCC_ClkInitTypeDef RCC_ClkInitStruct = {0};
  79              		.loc 1 115 3 view .LVU8
 115:Src/main.c    ****   RCC_ClkInitTypeDef RCC_ClkInitStruct = {0};
  80              		.loc 1 115 22 is_stmt 0 view .LVU9
  81 0004 3822     		movs	r2, #56
  82 0006 0021     		movs	r1, #0
  83 0008 06A8     		add	r0, sp, #24
  84 000a FFF7FEFF 		bl	memset
  85              	.LVL0:
 116:Src/main.c    **** 
  86              		.loc 1 116 3 is_stmt 1 view .LVU10
 116:Src/main.c    **** 
  87              		.loc 1 116 22 is_stmt 0 view .LVU11
  88 000e 0023     		movs	r3, #0
  89 0010 0193     		str	r3, [sp, #4]
  90 0012 0293     		str	r3, [sp, #8]
  91 0014 0393     		str	r3, [sp, #12]
  92 0016 0493     		str	r3, [sp, #16]
  93 0018 0593     		str	r3, [sp, #20]
 120:Src/main.c    **** 
  94              		.loc 1 120 3 is_stmt 1 view .LVU12
  95 001a 4FF40070 		mov	r0, #512
  96 001e FFF7FEFF 		bl	HAL_PWREx_ControlVoltageScaling
  97              	.LVL1:
 125:Src/main.c    ****   RCC_OscInitStruct.HSIState = RCC_HSI_ON;
  98              		.loc 1 125 3 view .LVU13
 125:Src/main.c    ****   RCC_OscInitStruct.HSIState = RCC_HSI_ON;
  99              		.loc 1 125 36 is_stmt 0 view .LVU14
 100 0022 0223     		movs	r3, #2
 101 0024 0693     		str	r3, [sp, #24]
 126:Src/main.c    ****   RCC_OscInitStruct.HSICalibrationValue = RCC_HSICALIBRATION_DEFAULT;
 102              		.loc 1 126 3 is_stmt 1 view .LVU15
 126:Src/main.c    ****   RCC_OscInitStruct.HSICalibrationValue = RCC_HSICALIBRATION_DEFAULT;
 103              		.loc 1 126 30 is_stmt 0 view .LVU16
 104 0026 4FF48072 		mov	r2, #256
 105 002a 0992     		str	r2, [sp, #36]
 127:Src/main.c    ****   RCC_OscInitStruct.PLL.PLLState = RCC_PLL_ON;
 106              		.loc 1 127 3 is_stmt 1 view .LVU17
 127:Src/main.c    ****   RCC_OscInitStruct.PLL.PLLState = RCC_PLL_ON;
 107              		.loc 1 127 41 is_stmt 0 view .LVU18
 108 002c 4022     		movs	r2, #64
 109 002e 0A92     		str	r2, [sp, #40]
 128:Src/main.c    ****   RCC_OscInitStruct.PLL.PLLSource = RCC_PLLSOURCE_HSI;
 110              		.loc 1 128 3 is_stmt 1 view .LVU19
 128:Src/main.c    ****   RCC_OscInitStruct.PLL.PLLSource = RCC_PLLSOURCE_HSI;
 111              		.loc 1 128 34 is_stmt 0 view .LVU20
 112 0030 0D93     		str	r3, [sp, #52]
 129:Src/main.c    ****   RCC_OscInitStruct.PLL.PLLM = RCC_PLLM_DIV4;
 113              		.loc 1 129 3 is_stmt 1 view .LVU21
 129:Src/main.c    ****   RCC_OscInitStruct.PLL.PLLM = RCC_PLLM_DIV4;
 114              		.loc 1 129 35 is_stmt 0 view .LVU22
 115 0032 0E93     		str	r3, [sp, #56]
 130:Src/main.c    ****   RCC_OscInitStruct.PLL.PLLN = 75;
 116              		.loc 1 130 3 is_stmt 1 view .LVU23
 130:Src/main.c    ****   RCC_OscInitStruct.PLL.PLLN = 75;
 117              		.loc 1 130 30 is_stmt 0 view .LVU24
 118 0034 0422     		movs	r2, #4
ARM GAS  C:\Users\zager\AppData\Local\Temp\ccQVQaDi.s 			page 10


 119 0036 0F92     		str	r2, [sp, #60]
 131:Src/main.c    ****   RCC_OscInitStruct.PLL.PLLP = RCC_PLLP_DIV2;
 120              		.loc 1 131 3 is_stmt 1 view .LVU25
 131:Src/main.c    ****   RCC_OscInitStruct.PLL.PLLP = RCC_PLLP_DIV2;
 121              		.loc 1 131 30 is_stmt 0 view .LVU26
 122 0038 4B22     		movs	r2, #75
 123 003a 1092     		str	r2, [sp, #64]
 132:Src/main.c    ****   RCC_OscInitStruct.PLL.PLLQ = RCC_PLLQ_DIV2;
 124              		.loc 1 132 3 is_stmt 1 view .LVU27
 132:Src/main.c    ****   RCC_OscInitStruct.PLL.PLLQ = RCC_PLLQ_DIV2;
 125              		.loc 1 132 30 is_stmt 0 view .LVU28
 126 003c 1193     		str	r3, [sp, #68]
 133:Src/main.c    ****   RCC_OscInitStruct.PLL.PLLR = RCC_PLLR_DIV2;
 127              		.loc 1 133 3 is_stmt 1 view .LVU29
 133:Src/main.c    ****   RCC_OscInitStruct.PLL.PLLR = RCC_PLLR_DIV2;
 128              		.loc 1 133 30 is_stmt 0 view .LVU30
 129 003e 1293     		str	r3, [sp, #72]
 134:Src/main.c    ****   if (HAL_RCC_OscConfig(&RCC_OscInitStruct) != HAL_OK)
 130              		.loc 1 134 3 is_stmt 1 view .LVU31
 134:Src/main.c    ****   if (HAL_RCC_OscConfig(&RCC_OscInitStruct) != HAL_OK)
 131              		.loc 1 134 30 is_stmt 0 view .LVU32
 132 0040 1393     		str	r3, [sp, #76]
 135:Src/main.c    ****   {
 133              		.loc 1 135 3 is_stmt 1 view .LVU33
 135:Src/main.c    ****   {
 134              		.loc 1 135 7 is_stmt 0 view .LVU34
 135 0042 06A8     		add	r0, sp, #24
 136 0044 FFF7FEFF 		bl	HAL_RCC_OscConfig
 137              	.LVL2:
 135:Src/main.c    ****   {
 138              		.loc 1 135 6 view .LVU35
 139 0048 80B9     		cbnz	r0, .L7
 142:Src/main.c    ****                               |RCC_CLOCKTYPE_PCLK1|RCC_CLOCKTYPE_PCLK2;
 140              		.loc 1 142 3 is_stmt 1 view .LVU36
 142:Src/main.c    ****                               |RCC_CLOCKTYPE_PCLK1|RCC_CLOCKTYPE_PCLK2;
 141              		.loc 1 142 31 is_stmt 0 view .LVU37
 142 004a 0F23     		movs	r3, #15
 143 004c 0193     		str	r3, [sp, #4]
 144:Src/main.c    ****   RCC_ClkInitStruct.AHBCLKDivider = RCC_SYSCLK_DIV1;
 144              		.loc 1 144 3 is_stmt 1 view .LVU38
 144:Src/main.c    ****   RCC_ClkInitStruct.AHBCLKDivider = RCC_SYSCLK_DIV1;
 145              		.loc 1 144 34 is_stmt 0 view .LVU39
 146 004e 0323     		movs	r3, #3
 147 0050 0293     		str	r3, [sp, #8]
 145:Src/main.c    ****   RCC_ClkInitStruct.APB1CLKDivider = RCC_HCLK_DIV1;
 148              		.loc 1 145 3 is_stmt 1 view .LVU40
 145:Src/main.c    ****   RCC_ClkInitStruct.APB1CLKDivider = RCC_HCLK_DIV1;
 149              		.loc 1 145 35 is_stmt 0 view .LVU41
 150 0052 0023     		movs	r3, #0
 151 0054 0393     		str	r3, [sp, #12]
 146:Src/main.c    ****   RCC_ClkInitStruct.APB2CLKDivider = RCC_HCLK_DIV1;
 152              		.loc 1 146 3 is_stmt 1 view .LVU42
 146:Src/main.c    ****   RCC_ClkInitStruct.APB2CLKDivider = RCC_HCLK_DIV1;
 153              		.loc 1 146 36 is_stmt 0 view .LVU43
 154 0056 0493     		str	r3, [sp, #16]
 147:Src/main.c    **** 
 155              		.loc 1 147 3 is_stmt 1 view .LVU44
ARM GAS  C:\Users\zager\AppData\Local\Temp\ccQVQaDi.s 			page 11


 147:Src/main.c    **** 
 156              		.loc 1 147 36 is_stmt 0 view .LVU45
 157 0058 0593     		str	r3, [sp, #20]
 149:Src/main.c    ****   {
 158              		.loc 1 149 3 is_stmt 1 view .LVU46
 149:Src/main.c    ****   {
 159              		.loc 1 149 7 is_stmt 0 view .LVU47
 160 005a 0421     		movs	r1, #4
 161 005c 0DEB0100 		add	r0, sp, r1
 162 0060 FFF7FEFF 		bl	HAL_RCC_ClockConfig
 163              	.LVL3:
 149:Src/main.c    ****   {
 164              		.loc 1 149 6 view .LVU48
 165 0064 20B9     		cbnz	r0, .L8
 153:Src/main.c    **** 
 166              		.loc 1 153 1 view .LVU49
 167 0066 15B0     		add	sp, sp, #84
 168              	.LCFI2:
 169              		.cfi_remember_state
 170              		.cfi_def_cfa_offset 4
 171              		@ sp needed
 172 0068 5DF804FB 		ldr	pc, [sp], #4
 173              	.L7:
 174              	.LCFI3:
 175              		.cfi_restore_state
 137:Src/main.c    ****   }
 176              		.loc 1 137 5 is_stmt 1 view .LVU50
 177 006c FFF7FEFF 		bl	Error_Handler
 178              	.LVL4:
 179              	.L8:
 151:Src/main.c    ****   }
 180              		.loc 1 151 5 view .LVU51
 181 0070 FFF7FEFF 		bl	Error_Handler
 182              	.LVL5:
 183              		.cfi_endproc
 184              	.LFE136:
 186              		.section	.rodata.main.str1.4,"aMS",%progbits,1
 187              		.align	2
 188              	.LC0:
 189 0000 41505020 		.ascii	"APP hello world\015\000"
 189      68656C6C 
 189      6F20776F 
 189      726C640D 
 189      00
 190              		.section	.text.main,"ax",%progbits
 191              		.align	1
 192              		.global	main
 193              		.syntax unified
 194              		.thumb
 195              		.thumb_func
 196              		.fpu fpv4-sp-d16
 198              	main:
 199              	.LFB135:
  67:Src/main.c    ****   /* USER CODE BEGIN 1 */
 200              		.loc 1 67 1 view -0
 201              		.cfi_startproc
 202              		@ Volatile: function does not return.
ARM GAS  C:\Users\zager\AppData\Local\Temp\ccQVQaDi.s 			page 12


 203              		@ args = 0, pretend = 0, frame = 0
 204              		@ frame_needed = 0, uses_anonymous_args = 0
 205 0000 08B5     		push	{r3, lr}
 206              	.LCFI4:
 207              		.cfi_def_cfa_offset 8
 208              		.cfi_offset 3, -8
 209              		.cfi_offset 14, -4
  75:Src/main.c    **** 
 210              		.loc 1 75 3 view .LVU53
 211 0002 FFF7FEFF 		bl	HAL_Init
 212              	.LVL6:
  82:Src/main.c    **** 
 213              		.loc 1 82 3 view .LVU54
 214 0006 FFF7FEFF 		bl	SystemClock_Config
 215              	.LVL7:
  89:Src/main.c    ****   MX_DMA_Init();
 216              		.loc 1 89 3 view .LVU55
 217 000a FFF7FEFF 		bl	MX_GPIO_Init
 218              	.LVL8:
  90:Src/main.c    ****   MX_TIM1_Init();
 219              		.loc 1 90 3 view .LVU56
 220 000e FFF7FEFF 		bl	MX_DMA_Init
 221              	.LVL9:
  91:Src/main.c    ****   MX_USART1_UART_Init();
 222              		.loc 1 91 3 view .LVU57
 223 0012 FFF7FEFF 		bl	MX_TIM1_Init
 224              	.LVL10:
  92:Src/main.c    ****   /* USER CODE BEGIN 2 */
 225              		.loc 1 92 3 view .LVU58
 226 0016 FFF7FEFF 		bl	MX_USART1_UART_Init
 227              	.LVL11:
  94:Src/main.c    ****     USER_DEBUG_NORMAL("APP hello world\r\n");
 228              		.loc 1 94 5 view .LVU59
 229 001a FFF7FEFF 		bl	User_Printf_Init
 230              	.LVL12:
  95:Src/main.c    ****   /* USER CODE END 2 */
 231              		.loc 1 95 5 view .LVU60
 232 001e 0248     		ldr	r0, .L12
 233 0020 FFF7FEFF 		bl	puts
 234              	.LVL13:
 235              	.L10:
 100:Src/main.c    ****   {
 236              		.loc 1 100 3 discriminator 1 view .LVU61
 105:Src/main.c    ****   /* USER CODE END 3 */
 237              		.loc 1 105 3 discriminator 1 view .LVU62
 100:Src/main.c    ****   {
 238              		.loc 1 100 9 discriminator 1 view .LVU63
 239 0024 FEE7     		b	.L10
 240              	.L13:
 241 0026 00BF     		.align	2
 242              	.L12:
 243 0028 00000000 		.word	.LC0
 244              		.cfi_endproc
 245              	.LFE135:
 247              		.weak	User_Printf_Init
 248              		.text
 249              	.Letext0:
ARM GAS  C:\Users\zager\AppData\Local\Temp\ccQVQaDi.s 			page 13


 250              		.file 3 "d:\\program files (x86)\\gcc-arm-none-eabi-10-2020-q4-major-win32\\tool\\arm-none-eabi\\i
 251              		.file 4 "d:\\program files (x86)\\gcc-arm-none-eabi-10-2020-q4-major-win32\\tool\\arm-none-eabi\\i
 252              		.file 5 "Drivers/STM32G4xx_HAL_Driver/Inc/stm32g4xx_hal_rcc.h"
 253              		.file 6 "Drivers/STM32G4xx_HAL_Driver/Inc/stm32g4xx_hal_pwr_ex.h"
 254              		.file 7 "Drivers/STM32G4xx_HAL_Driver/Inc/stm32g4xx_hal.h"
 255              		.file 8 "Inc/gpio.h"
 256              		.file 9 "Inc/dma.h"
 257              		.file 10 "Inc/tim.h"
 258              		.file 11 "Inc/usart.h"
 259              		.file 12 "Public/debuglog/debuglog_.h"
 260              		.file 13 "<built-in>"
 261              		.file 14 "Drivers/STM32G4xx_HAL_Driver/Inc/stm32g4xx_hal_def.h"
ARM GAS  C:\Users\zager\AppData\Local\Temp\ccQVQaDi.s 			page 14


DEFINED SYMBOLS
                            *ABS*:00000000 main.c
C:\Users\zager\AppData\Local\Temp\ccQVQaDi.s:18     .text.Error_Handler:00000000 $t
C:\Users\zager\AppData\Local\Temp\ccQVQaDi.s:26     .text.Error_Handler:00000000 Error_Handler
C:\Users\zager\AppData\Local\Temp\ccQVQaDi.s:59     .text.SystemClock_Config:00000000 $t
C:\Users\zager\AppData\Local\Temp\ccQVQaDi.s:66     .text.SystemClock_Config:00000000 SystemClock_Config
C:\Users\zager\AppData\Local\Temp\ccQVQaDi.s:187    .rodata.main.str1.4:00000000 $d
C:\Users\zager\AppData\Local\Temp\ccQVQaDi.s:191    .text.main:00000000 $t
C:\Users\zager\AppData\Local\Temp\ccQVQaDi.s:198    .text.main:00000000 main
C:\Users\zager\AppData\Local\Temp\ccQVQaDi.s:243    .text.main:00000028 $d

UNDEFINED SYMBOLS
memset
HAL_PWREx_ControlVoltageScaling
HAL_RCC_OscConfig
HAL_RCC_ClockConfig
HAL_Init
MX_GPIO_Init
MX_DMA_Init
MX_TIM1_Init
MX_USART1_UART_Init
User_Printf_Init
puts
