ARM GAS  C:\Users\zager\AppData\Local\Temp\ccig0DLk.s 			page 1


   1              		.cpu cortex-m4
   2              		.eabi_attribute 27, 1
   3              		.eabi_attribute 28, 1
   4              		.eabi_attribute 20, 1
   5              		.eabi_attribute 21, 1
   6              		.eabi_attribute 23, 3
   7              		.eabi_attribute 24, 1
   8              		.eabi_attribute 25, 1
   9              		.eabi_attribute 26, 1
  10              		.eabi_attribute 30, 1
  11              		.eabi_attribute 34, 1
  12              		.eabi_attribute 18, 4
  13              		.file	"tim.c"
  14              		.text
  15              	.Ltext0:
  16              		.cfi_sections	.debug_frame
  17              		.section	.text.MX_TIM1_Init,"ax",%progbits
  18              		.align	1
  19              		.global	MX_TIM1_Init
  20              		.arch armv7e-m
  21              		.syntax unified
  22              		.thumb
  23              		.thumb_func
  24              		.fpu fpv4-sp-d16
  26              	MX_TIM1_Init:
  27              	.LFB132:
  28              		.file 1 "Src/tim.c"
   1:Src/tim.c     **** /* USER CODE BEGIN Header */
   2:Src/tim.c     **** /**
   3:Src/tim.c     ****   ******************************************************************************
   4:Src/tim.c     ****   * @file    tim.c
   5:Src/tim.c     ****   * @brief   This file provides code for the configuration
   6:Src/tim.c     ****   *          of the TIM instances.
   7:Src/tim.c     ****   ******************************************************************************
   8:Src/tim.c     ****   * @attention
   9:Src/tim.c     ****   *
  10:Src/tim.c     ****   * Copyright (c) 2023 STMicroelectronics.
  11:Src/tim.c     ****   * All rights reserved.
  12:Src/tim.c     ****   *
  13:Src/tim.c     ****   * This software is licensed under terms that can be found in the LICENSE file
  14:Src/tim.c     ****   * in the root directory of this software component.
  15:Src/tim.c     ****   * If no LICENSE file comes with this software, it is provided AS-IS.
  16:Src/tim.c     ****   *
  17:Src/tim.c     ****   ******************************************************************************
  18:Src/tim.c     ****   */
  19:Src/tim.c     **** /* USER CODE END Header */
  20:Src/tim.c     **** /* Includes ------------------------------------------------------------------*/
  21:Src/tim.c     **** #include "tim.h"
  22:Src/tim.c     **** 
  23:Src/tim.c     **** /* USER CODE BEGIN 0 */
  24:Src/tim.c     **** 
  25:Src/tim.c     **** /* USER CODE END 0 */
  26:Src/tim.c     **** 
  27:Src/tim.c     **** TIM_HandleTypeDef htim1;
  28:Src/tim.c     **** 
  29:Src/tim.c     **** /* TIM1 init function */
  30:Src/tim.c     **** void MX_TIM1_Init(void)
ARM GAS  C:\Users\zager\AppData\Local\Temp\ccig0DLk.s 			page 2


  31:Src/tim.c     **** {
  29              		.loc 1 31 1 view -0
  30              		.cfi_startproc
  31              		@ args = 0, pretend = 0, frame = 32
  32              		@ frame_needed = 0, uses_anonymous_args = 0
  33 0000 00B5     		push	{lr}
  34              	.LCFI0:
  35              		.cfi_def_cfa_offset 4
  36              		.cfi_offset 14, -4
  37 0002 89B0     		sub	sp, sp, #36
  38              	.LCFI1:
  39              		.cfi_def_cfa_offset 40
  32:Src/tim.c     **** 
  33:Src/tim.c     ****   /* USER CODE BEGIN TIM1_Init 0 */
  34:Src/tim.c     **** 
  35:Src/tim.c     ****   /* USER CODE END TIM1_Init 0 */
  36:Src/tim.c     **** 
  37:Src/tim.c     ****   TIM_ClockConfigTypeDef sClockSourceConfig = {0};
  40              		.loc 1 37 3 view .LVU1
  41              		.loc 1 37 26 is_stmt 0 view .LVU2
  42 0004 0023     		movs	r3, #0
  43 0006 0493     		str	r3, [sp, #16]
  44 0008 0593     		str	r3, [sp, #20]
  45 000a 0693     		str	r3, [sp, #24]
  46 000c 0793     		str	r3, [sp, #28]
  38:Src/tim.c     ****   TIM_MasterConfigTypeDef sMasterConfig = {0};
  47              		.loc 1 38 3 is_stmt 1 view .LVU3
  48              		.loc 1 38 27 is_stmt 0 view .LVU4
  49 000e 0193     		str	r3, [sp, #4]
  50 0010 0293     		str	r3, [sp, #8]
  51 0012 0393     		str	r3, [sp, #12]
  39:Src/tim.c     **** 
  40:Src/tim.c     ****   /* USER CODE BEGIN TIM1_Init 1 */
  41:Src/tim.c     **** 
  42:Src/tim.c     ****   /* USER CODE END TIM1_Init 1 */
  43:Src/tim.c     ****   htim1.Instance = TIM1;
  52              		.loc 1 43 3 is_stmt 1 view .LVU5
  53              		.loc 1 43 18 is_stmt 0 view .LVU6
  54 0014 1748     		ldr	r0, .L9
  55 0016 184A     		ldr	r2, .L9+4
  56 0018 0260     		str	r2, [r0]
  44:Src/tim.c     ****   htim1.Init.Prescaler = 1;
  57              		.loc 1 44 3 is_stmt 1 view .LVU7
  58              		.loc 1 44 24 is_stmt 0 view .LVU8
  59 001a 0122     		movs	r2, #1
  60 001c 4260     		str	r2, [r0, #4]
  45:Src/tim.c     ****   htim1.Init.CounterMode = TIM_COUNTERMODE_CENTERALIGNED1;
  61              		.loc 1 45 3 is_stmt 1 view .LVU9
  62              		.loc 1 45 26 is_stmt 0 view .LVU10
  63 001e 2022     		movs	r2, #32
  64 0020 8260     		str	r2, [r0, #8]
  46:Src/tim.c     ****   htim1.Init.Period = 2099;
  65              		.loc 1 46 3 is_stmt 1 view .LVU11
  66              		.loc 1 46 21 is_stmt 0 view .LVU12
  67 0022 40F63302 		movw	r2, #2099
  68 0026 C260     		str	r2, [r0, #12]
  47:Src/tim.c     ****   htim1.Init.ClockDivision = TIM_CLOCKDIVISION_DIV2;
ARM GAS  C:\Users\zager\AppData\Local\Temp\ccig0DLk.s 			page 3


  69              		.loc 1 47 3 is_stmt 1 view .LVU13
  70              		.loc 1 47 28 is_stmt 0 view .LVU14
  71 0028 4FF48072 		mov	r2, #256
  72 002c 0261     		str	r2, [r0, #16]
  48:Src/tim.c     ****   htim1.Init.RepetitionCounter = 0;
  73              		.loc 1 48 3 is_stmt 1 view .LVU15
  74              		.loc 1 48 32 is_stmt 0 view .LVU16
  75 002e 4361     		str	r3, [r0, #20]
  49:Src/tim.c     ****   htim1.Init.AutoReloadPreload = TIM_AUTORELOAD_PRELOAD_DISABLE;
  76              		.loc 1 49 3 is_stmt 1 view .LVU17
  77              		.loc 1 49 32 is_stmt 0 view .LVU18
  78 0030 8361     		str	r3, [r0, #24]
  50:Src/tim.c     ****   if (HAL_TIM_Base_Init(&htim1) != HAL_OK)
  79              		.loc 1 50 3 is_stmt 1 view .LVU19
  80              		.loc 1 50 7 is_stmt 0 view .LVU20
  81 0032 FFF7FEFF 		bl	HAL_TIM_Base_Init
  82              	.LVL0:
  83              		.loc 1 50 6 view .LVU21
  84 0036 98B9     		cbnz	r0, .L6
  85              	.L2:
  51:Src/tim.c     ****   {
  52:Src/tim.c     ****     Error_Handler();
  53:Src/tim.c     ****   }
  54:Src/tim.c     ****   sClockSourceConfig.ClockSource = TIM_CLOCKSOURCE_INTERNAL;
  86              		.loc 1 54 3 is_stmt 1 view .LVU22
  87              		.loc 1 54 34 is_stmt 0 view .LVU23
  88 0038 4FF48053 		mov	r3, #4096
  89 003c 0493     		str	r3, [sp, #16]
  55:Src/tim.c     ****   if (HAL_TIM_ConfigClockSource(&htim1, &sClockSourceConfig) != HAL_OK)
  90              		.loc 1 55 3 is_stmt 1 view .LVU24
  91              		.loc 1 55 7 is_stmt 0 view .LVU25
  92 003e 04A9     		add	r1, sp, #16
  93 0040 0C48     		ldr	r0, .L9
  94 0042 FFF7FEFF 		bl	HAL_TIM_ConfigClockSource
  95              	.LVL1:
  96              		.loc 1 55 6 view .LVU26
  97 0046 70B9     		cbnz	r0, .L7
  98              	.L3:
  56:Src/tim.c     ****   {
  57:Src/tim.c     ****     Error_Handler();
  58:Src/tim.c     ****   }
  59:Src/tim.c     ****   sMasterConfig.MasterOutputTrigger = TIM_TRGO_RESET;
  99              		.loc 1 59 3 is_stmt 1 view .LVU27
 100              		.loc 1 59 37 is_stmt 0 view .LVU28
 101 0048 0023     		movs	r3, #0
 102 004a 0193     		str	r3, [sp, #4]
  60:Src/tim.c     ****   sMasterConfig.MasterOutputTrigger2 = TIM_TRGO2_RESET;
 103              		.loc 1 60 3 is_stmt 1 view .LVU29
 104              		.loc 1 60 38 is_stmt 0 view .LVU30
 105 004c 0293     		str	r3, [sp, #8]
  61:Src/tim.c     ****   sMasterConfig.MasterSlaveMode = TIM_MASTERSLAVEMODE_DISABLE;
 106              		.loc 1 61 3 is_stmt 1 view .LVU31
 107              		.loc 1 61 33 is_stmt 0 view .LVU32
 108 004e 0393     		str	r3, [sp, #12]
  62:Src/tim.c     ****   if (HAL_TIMEx_MasterConfigSynchronization(&htim1, &sMasterConfig) != HAL_OK)
 109              		.loc 1 62 3 is_stmt 1 view .LVU33
 110              		.loc 1 62 7 is_stmt 0 view .LVU34
ARM GAS  C:\Users\zager\AppData\Local\Temp\ccig0DLk.s 			page 4


 111 0050 01A9     		add	r1, sp, #4
 112 0052 0848     		ldr	r0, .L9
 113 0054 FFF7FEFF 		bl	HAL_TIMEx_MasterConfigSynchronization
 114              	.LVL2:
 115              		.loc 1 62 6 view .LVU35
 116 0058 40B9     		cbnz	r0, .L8
 117              	.L1:
  63:Src/tim.c     ****   {
  64:Src/tim.c     ****     Error_Handler();
  65:Src/tim.c     ****   }
  66:Src/tim.c     ****   /* USER CODE BEGIN TIM1_Init 2 */
  67:Src/tim.c     **** 
  68:Src/tim.c     ****   /* USER CODE END TIM1_Init 2 */
  69:Src/tim.c     **** 
  70:Src/tim.c     **** }
 118              		.loc 1 70 1 view .LVU36
 119 005a 09B0     		add	sp, sp, #36
 120              	.LCFI2:
 121              		.cfi_remember_state
 122              		.cfi_def_cfa_offset 4
 123              		@ sp needed
 124 005c 5DF804FB 		ldr	pc, [sp], #4
 125              	.L6:
 126              	.LCFI3:
 127              		.cfi_restore_state
  52:Src/tim.c     ****   }
 128              		.loc 1 52 5 is_stmt 1 view .LVU37
 129 0060 FFF7FEFF 		bl	Error_Handler
 130              	.LVL3:
 131 0064 E8E7     		b	.L2
 132              	.L7:
  57:Src/tim.c     ****   }
 133              		.loc 1 57 5 view .LVU38
 134 0066 FFF7FEFF 		bl	Error_Handler
 135              	.LVL4:
 136 006a EDE7     		b	.L3
 137              	.L8:
  64:Src/tim.c     ****   }
 138              		.loc 1 64 5 view .LVU39
 139 006c FFF7FEFF 		bl	Error_Handler
 140              	.LVL5:
 141              		.loc 1 70 1 is_stmt 0 view .LVU40
 142 0070 F3E7     		b	.L1
 143              	.L10:
 144 0072 00BF     		.align	2
 145              	.L9:
 146 0074 00000000 		.word	.LANCHOR0
 147 0078 002C0140 		.word	1073818624
 148              		.cfi_endproc
 149              	.LFE132:
 151              		.section	.text.HAL_TIM_Base_MspInit,"ax",%progbits
 152              		.align	1
 153              		.global	HAL_TIM_Base_MspInit
 154              		.syntax unified
 155              		.thumb
 156              		.thumb_func
 157              		.fpu fpv4-sp-d16
ARM GAS  C:\Users\zager\AppData\Local\Temp\ccig0DLk.s 			page 5


 159              	HAL_TIM_Base_MspInit:
 160              	.LVL6:
 161              	.LFB133:
  71:Src/tim.c     **** 
  72:Src/tim.c     **** void HAL_TIM_Base_MspInit(TIM_HandleTypeDef* tim_baseHandle)
  73:Src/tim.c     **** {
 162              		.loc 1 73 1 is_stmt 1 view -0
 163              		.cfi_startproc
 164              		@ args = 0, pretend = 0, frame = 8
 165              		@ frame_needed = 0, uses_anonymous_args = 0
 166              		@ link register save eliminated.
  74:Src/tim.c     **** 
  75:Src/tim.c     ****   if(tim_baseHandle->Instance==TIM1)
 167              		.loc 1 75 3 view .LVU42
 168              		.loc 1 75 20 is_stmt 0 view .LVU43
 169 0000 0268     		ldr	r2, [r0]
 170              		.loc 1 75 5 view .LVU44
 171 0002 094B     		ldr	r3, .L18
 172 0004 9A42     		cmp	r2, r3
 173 0006 00D0     		beq	.L17
 174 0008 7047     		bx	lr
 175              	.L17:
  73:Src/tim.c     **** 
 176              		.loc 1 73 1 view .LVU45
 177 000a 82B0     		sub	sp, sp, #8
 178              	.LCFI4:
 179              		.cfi_def_cfa_offset 8
  76:Src/tim.c     ****   {
  77:Src/tim.c     ****   /* USER CODE BEGIN TIM1_MspInit 0 */
  78:Src/tim.c     **** 
  79:Src/tim.c     ****   /* USER CODE END TIM1_MspInit 0 */
  80:Src/tim.c     ****     /* TIM1 clock enable */
  81:Src/tim.c     ****     __HAL_RCC_TIM1_CLK_ENABLE();
 180              		.loc 1 81 5 is_stmt 1 view .LVU46
 181              	.LBB2:
 182              		.loc 1 81 5 view .LVU47
 183              		.loc 1 81 5 view .LVU48
 184 000c 03F56443 		add	r3, r3, #58368
 185 0010 1A6E     		ldr	r2, [r3, #96]
 186 0012 42F40062 		orr	r2, r2, #2048
 187 0016 1A66     		str	r2, [r3, #96]
 188              		.loc 1 81 5 view .LVU49
 189 0018 1B6E     		ldr	r3, [r3, #96]
 190 001a 03F40063 		and	r3, r3, #2048
 191 001e 0193     		str	r3, [sp, #4]
 192              		.loc 1 81 5 view .LVU50
 193 0020 019B     		ldr	r3, [sp, #4]
 194              	.LBE2:
 195              		.loc 1 81 5 view .LVU51
  82:Src/tim.c     ****   /* USER CODE BEGIN TIM1_MspInit 1 */
  83:Src/tim.c     **** 
  84:Src/tim.c     ****   /* USER CODE END TIM1_MspInit 1 */
  85:Src/tim.c     ****   }
  86:Src/tim.c     **** }
 196              		.loc 1 86 1 is_stmt 0 view .LVU52
 197 0022 02B0     		add	sp, sp, #8
 198              	.LCFI5:
ARM GAS  C:\Users\zager\AppData\Local\Temp\ccig0DLk.s 			page 6


 199              		.cfi_def_cfa_offset 0
 200              		@ sp needed
 201 0024 7047     		bx	lr
 202              	.L19:
 203 0026 00BF     		.align	2
 204              	.L18:
 205 0028 002C0140 		.word	1073818624
 206              		.cfi_endproc
 207              	.LFE133:
 209              		.section	.text.HAL_TIM_Base_MspDeInit,"ax",%progbits
 210              		.align	1
 211              		.global	HAL_TIM_Base_MspDeInit
 212              		.syntax unified
 213              		.thumb
 214              		.thumb_func
 215              		.fpu fpv4-sp-d16
 217              	HAL_TIM_Base_MspDeInit:
 218              	.LVL7:
 219              	.LFB134:
  87:Src/tim.c     **** 
  88:Src/tim.c     **** void HAL_TIM_Base_MspDeInit(TIM_HandleTypeDef* tim_baseHandle)
  89:Src/tim.c     **** {
 220              		.loc 1 89 1 is_stmt 1 view -0
 221              		.cfi_startproc
 222              		@ args = 0, pretend = 0, frame = 0
 223              		@ frame_needed = 0, uses_anonymous_args = 0
 224              		@ link register save eliminated.
  90:Src/tim.c     **** 
  91:Src/tim.c     ****   if(tim_baseHandle->Instance==TIM1)
 225              		.loc 1 91 3 view .LVU54
 226              		.loc 1 91 20 is_stmt 0 view .LVU55
 227 0000 0268     		ldr	r2, [r0]
 228              		.loc 1 91 5 view .LVU56
 229 0002 054B     		ldr	r3, .L23
 230 0004 9A42     		cmp	r2, r3
 231 0006 00D0     		beq	.L22
 232              	.L20:
  92:Src/tim.c     ****   {
  93:Src/tim.c     ****   /* USER CODE BEGIN TIM1_MspDeInit 0 */
  94:Src/tim.c     **** 
  95:Src/tim.c     ****   /* USER CODE END TIM1_MspDeInit 0 */
  96:Src/tim.c     ****     /* Peripheral clock disable */
  97:Src/tim.c     ****     __HAL_RCC_TIM1_CLK_DISABLE();
  98:Src/tim.c     ****   /* USER CODE BEGIN TIM1_MspDeInit 1 */
  99:Src/tim.c     **** 
 100:Src/tim.c     ****   /* USER CODE END TIM1_MspDeInit 1 */
 101:Src/tim.c     ****   }
 102:Src/tim.c     **** }
 233              		.loc 1 102 1 view .LVU57
 234 0008 7047     		bx	lr
 235              	.L22:
  97:Src/tim.c     ****   /* USER CODE BEGIN TIM1_MspDeInit 1 */
 236              		.loc 1 97 5 is_stmt 1 view .LVU58
 237 000a 044A     		ldr	r2, .L23+4
 238 000c 136E     		ldr	r3, [r2, #96]
 239 000e 23F40063 		bic	r3, r3, #2048
 240 0012 1366     		str	r3, [r2, #96]
ARM GAS  C:\Users\zager\AppData\Local\Temp\ccig0DLk.s 			page 7


 241              		.loc 1 102 1 is_stmt 0 view .LVU59
 242 0014 F8E7     		b	.L20
 243              	.L24:
 244 0016 00BF     		.align	2
 245              	.L23:
 246 0018 002C0140 		.word	1073818624
 247 001c 00100240 		.word	1073876992
 248              		.cfi_endproc
 249              	.LFE134:
 251              		.global	htim1
 252              		.section	.bss.htim1,"aw",%nobits
 253              		.align	2
 254              		.set	.LANCHOR0,. + 0
 257              	htim1:
 258 0000 00000000 		.space	76
 258      00000000 
 258      00000000 
 258      00000000 
 258      00000000 
 259              		.text
 260              	.Letext0:
 261              		.file 2 "d:\\program files (x86)\\gcc-arm-none-eabi-10-2020-q4-major-win32\\tool\\arm-none-eabi\\i
 262              		.file 3 "d:\\program files (x86)\\gcc-arm-none-eabi-10-2020-q4-major-win32\\tool\\arm-none-eabi\\i
 263              		.file 4 "Drivers/CMSIS/Device/ST/STM32G4xx/Include/stm32g431xx.h"
 264              		.file 5 "Drivers/STM32G4xx_HAL_Driver/Inc/stm32g4xx_hal_def.h"
 265              		.file 6 "Drivers/STM32G4xx_HAL_Driver/Inc/stm32g4xx_hal_dma.h"
 266              		.file 7 "Drivers/STM32G4xx_HAL_Driver/Inc/stm32g4xx_hal_tim.h"
 267              		.file 8 "Drivers/STM32G4xx_HAL_Driver/Inc/stm32g4xx_hal_tim_ex.h"
 268              		.file 9 "Inc/main.h"
 269              		.file 10 "Inc/tim.h"
ARM GAS  C:\Users\zager\AppData\Local\Temp\ccig0DLk.s 			page 8


DEFINED SYMBOLS
                            *ABS*:00000000 tim.c
C:\Users\zager\AppData\Local\Temp\ccig0DLk.s:18     .text.MX_TIM1_Init:00000000 $t
C:\Users\zager\AppData\Local\Temp\ccig0DLk.s:26     .text.MX_TIM1_Init:00000000 MX_TIM1_Init
C:\Users\zager\AppData\Local\Temp\ccig0DLk.s:146    .text.MX_TIM1_Init:00000074 $d
C:\Users\zager\AppData\Local\Temp\ccig0DLk.s:152    .text.HAL_TIM_Base_MspInit:00000000 $t
C:\Users\zager\AppData\Local\Temp\ccig0DLk.s:159    .text.HAL_TIM_Base_MspInit:00000000 HAL_TIM_Base_MspInit
C:\Users\zager\AppData\Local\Temp\ccig0DLk.s:205    .text.HAL_TIM_Base_MspInit:00000028 $d
C:\Users\zager\AppData\Local\Temp\ccig0DLk.s:210    .text.HAL_TIM_Base_MspDeInit:00000000 $t
C:\Users\zager\AppData\Local\Temp\ccig0DLk.s:217    .text.HAL_TIM_Base_MspDeInit:00000000 HAL_TIM_Base_MspDeInit
C:\Users\zager\AppData\Local\Temp\ccig0DLk.s:246    .text.HAL_TIM_Base_MspDeInit:00000018 $d
C:\Users\zager\AppData\Local\Temp\ccig0DLk.s:257    .bss.htim1:00000000 htim1
C:\Users\zager\AppData\Local\Temp\ccig0DLk.s:253    .bss.htim1:00000000 $d

UNDEFINED SYMBOLS
HAL_TIM_Base_Init
HAL_TIM_ConfigClockSource
HAL_TIMEx_MasterConfigSynchronization
Error_Handler
