ARM GAS  C:\Users\zager\AppData\Local\Temp\ccXJ560O.s 			page 1


   1              		.cpu cortex-m4
   2              		.eabi_attribute 27, 1
   3              		.eabi_attribute 28, 1
   4              		.eabi_attribute 20, 1
   5              		.eabi_attribute 21, 1
   6              		.eabi_attribute 23, 3
   7              		.eabi_attribute 24, 1
   8              		.eabi_attribute 25, 1
   9              		.eabi_attribute 26, 1
  10              		.eabi_attribute 30, 1
  11              		.eabi_attribute 34, 1
  12              		.eabi_attribute 18, 4
  13              		.file	"gpio.c"
  14              		.text
  15              	.Ltext0:
  16              		.cfi_sections	.debug_frame
  17              		.section	.text.MX_GPIO_Init,"ax",%progbits
  18              		.align	1
  19              		.global	MX_GPIO_Init
  20              		.arch armv7e-m
  21              		.syntax unified
  22              		.thumb
  23              		.thumb_func
  24              		.fpu fpv4-sp-d16
  26              	MX_GPIO_Init:
  27              	.LFB132:
  28              		.file 1 "Src/gpio.c"
   1:Src/gpio.c    **** /* USER CODE BEGIN Header */
   2:Src/gpio.c    **** /**
   3:Src/gpio.c    ****   ******************************************************************************
   4:Src/gpio.c    ****   * @file    gpio.c
   5:Src/gpio.c    ****   * @brief   This file provides code for the configuration
   6:Src/gpio.c    ****   *          of all used GPIO pins.
   7:Src/gpio.c    ****   ******************************************************************************
   8:Src/gpio.c    ****   * @attention
   9:Src/gpio.c    ****   *
  10:Src/gpio.c    ****   * Copyright (c) 2023 STMicroelectronics.
  11:Src/gpio.c    ****   * All rights reserved.
  12:Src/gpio.c    ****   *
  13:Src/gpio.c    ****   * This software is licensed under terms that can be found in the LICENSE file
  14:Src/gpio.c    ****   * in the root directory of this software component.
  15:Src/gpio.c    ****   * If no LICENSE file comes with this software, it is provided AS-IS.
  16:Src/gpio.c    ****   *
  17:Src/gpio.c    ****   ******************************************************************************
  18:Src/gpio.c    ****   */
  19:Src/gpio.c    **** /* USER CODE END Header */
  20:Src/gpio.c    **** 
  21:Src/gpio.c    **** /* Includes ------------------------------------------------------------------*/
  22:Src/gpio.c    **** #include "gpio.h"
  23:Src/gpio.c    **** 
  24:Src/gpio.c    **** /* USER CODE BEGIN 0 */
  25:Src/gpio.c    **** 
  26:Src/gpio.c    **** /* USER CODE END 0 */
  27:Src/gpio.c    **** 
  28:Src/gpio.c    **** /*----------------------------------------------------------------------------*/
  29:Src/gpio.c    **** /* Configure GPIO                                                             */
  30:Src/gpio.c    **** /*----------------------------------------------------------------------------*/
ARM GAS  C:\Users\zager\AppData\Local\Temp\ccXJ560O.s 			page 2


  31:Src/gpio.c    **** /* USER CODE BEGIN 1 */
  32:Src/gpio.c    **** 
  33:Src/gpio.c    **** /* USER CODE END 1 */
  34:Src/gpio.c    **** 
  35:Src/gpio.c    **** /** Configure pins as
  36:Src/gpio.c    ****         * Analog
  37:Src/gpio.c    ****         * Input
  38:Src/gpio.c    ****         * Output
  39:Src/gpio.c    ****         * EVENT_OUT
  40:Src/gpio.c    ****         * EXTI
  41:Src/gpio.c    **** */
  42:Src/gpio.c    **** void MX_GPIO_Init(void)
  43:Src/gpio.c    **** {
  29              		.loc 1 43 1 view -0
  30              		.cfi_startproc
  31              		@ args = 0, pretend = 0, frame = 40
  32              		@ frame_needed = 0, uses_anonymous_args = 0
  33 0000 30B5     		push	{r4, r5, lr}
  34              	.LCFI0:
  35              		.cfi_def_cfa_offset 12
  36              		.cfi_offset 4, -12
  37              		.cfi_offset 5, -8
  38              		.cfi_offset 14, -4
  39 0002 8BB0     		sub	sp, sp, #44
  40              	.LCFI1:
  41              		.cfi_def_cfa_offset 56
  44:Src/gpio.c    **** 
  45:Src/gpio.c    ****   GPIO_InitTypeDef GPIO_InitStruct = {0};
  42              		.loc 1 45 3 view .LVU1
  43              		.loc 1 45 20 is_stmt 0 view .LVU2
  44 0004 0024     		movs	r4, #0
  45 0006 0594     		str	r4, [sp, #20]
  46 0008 0694     		str	r4, [sp, #24]
  47 000a 0794     		str	r4, [sp, #28]
  48 000c 0894     		str	r4, [sp, #32]
  49 000e 0994     		str	r4, [sp, #36]
  46:Src/gpio.c    **** 
  47:Src/gpio.c    ****   /* GPIO Ports Clock Enable */
  48:Src/gpio.c    ****   __HAL_RCC_GPIOC_CLK_ENABLE();
  50              		.loc 1 48 3 is_stmt 1 view .LVU3
  51              	.LBB2:
  52              		.loc 1 48 3 view .LVU4
  53              		.loc 1 48 3 view .LVU5
  54 0010 264B     		ldr	r3, .L3
  55 0012 DA6C     		ldr	r2, [r3, #76]
  56 0014 42F00402 		orr	r2, r2, #4
  57 0018 DA64     		str	r2, [r3, #76]
  58              		.loc 1 48 3 view .LVU6
  59 001a DA6C     		ldr	r2, [r3, #76]
  60 001c 02F00402 		and	r2, r2, #4
  61 0020 0192     		str	r2, [sp, #4]
  62              		.loc 1 48 3 view .LVU7
  63 0022 019A     		ldr	r2, [sp, #4]
  64              	.LBE2:
  65              		.loc 1 48 3 view .LVU8
  49:Src/gpio.c    ****   __HAL_RCC_GPIOF_CLK_ENABLE();
  66              		.loc 1 49 3 view .LVU9
ARM GAS  C:\Users\zager\AppData\Local\Temp\ccXJ560O.s 			page 3


  67              	.LBB3:
  68              		.loc 1 49 3 view .LVU10
  69              		.loc 1 49 3 view .LVU11
  70 0024 DA6C     		ldr	r2, [r3, #76]
  71 0026 42F02002 		orr	r2, r2, #32
  72 002a DA64     		str	r2, [r3, #76]
  73              		.loc 1 49 3 view .LVU12
  74 002c DA6C     		ldr	r2, [r3, #76]
  75 002e 02F02002 		and	r2, r2, #32
  76 0032 0292     		str	r2, [sp, #8]
  77              		.loc 1 49 3 view .LVU13
  78 0034 029A     		ldr	r2, [sp, #8]
  79              	.LBE3:
  80              		.loc 1 49 3 view .LVU14
  50:Src/gpio.c    ****   __HAL_RCC_GPIOA_CLK_ENABLE();
  81              		.loc 1 50 3 view .LVU15
  82              	.LBB4:
  83              		.loc 1 50 3 view .LVU16
  84              		.loc 1 50 3 view .LVU17
  85 0036 DA6C     		ldr	r2, [r3, #76]
  86 0038 42F00102 		orr	r2, r2, #1
  87 003c DA64     		str	r2, [r3, #76]
  88              		.loc 1 50 3 view .LVU18
  89 003e DA6C     		ldr	r2, [r3, #76]
  90 0040 02F00102 		and	r2, r2, #1
  91 0044 0392     		str	r2, [sp, #12]
  92              		.loc 1 50 3 view .LVU19
  93 0046 039A     		ldr	r2, [sp, #12]
  94              	.LBE4:
  95              		.loc 1 50 3 view .LVU20
  51:Src/gpio.c    ****   __HAL_RCC_GPIOB_CLK_ENABLE();
  96              		.loc 1 51 3 view .LVU21
  97              	.LBB5:
  98              		.loc 1 51 3 view .LVU22
  99              		.loc 1 51 3 view .LVU23
 100 0048 DA6C     		ldr	r2, [r3, #76]
 101 004a 42F00202 		orr	r2, r2, #2
 102 004e DA64     		str	r2, [r3, #76]
 103              		.loc 1 51 3 view .LVU24
 104 0050 DB6C     		ldr	r3, [r3, #76]
 105 0052 03F00203 		and	r3, r3, #2
 106 0056 0493     		str	r3, [sp, #16]
 107              		.loc 1 51 3 view .LVU25
 108 0058 049B     		ldr	r3, [sp, #16]
 109              	.LBE5:
 110              		.loc 1 51 3 view .LVU26
  52:Src/gpio.c    **** 
  53:Src/gpio.c    ****   /*Configure GPIO pin Output Level */
  54:Src/gpio.c    ****   HAL_GPIO_WritePin(LED_01_GPIO_Port, LED_01_Pin, GPIO_PIN_RESET);
 111              		.loc 1 54 3 view .LVU27
 112 005a 154D     		ldr	r5, .L3+4
 113 005c 2246     		mov	r2, r4
 114 005e 4FF40051 		mov	r1, #8192
 115 0062 2846     		mov	r0, r5
 116 0064 FFF7FEFF 		bl	HAL_GPIO_WritePin
 117              	.LVL0:
  55:Src/gpio.c    **** 
ARM GAS  C:\Users\zager\AppData\Local\Temp\ccXJ560O.s 			page 4


  56:Src/gpio.c    ****   /*Configure GPIO pin : PtPin */
  57:Src/gpio.c    ****   GPIO_InitStruct.Pin = LED_01_Pin;
 118              		.loc 1 57 3 view .LVU28
 119              		.loc 1 57 23 is_stmt 0 view .LVU29
 120 0068 4FF40053 		mov	r3, #8192
 121 006c 0593     		str	r3, [sp, #20]
  58:Src/gpio.c    ****   GPIO_InitStruct.Mode = GPIO_MODE_OUTPUT_PP;
 122              		.loc 1 58 3 is_stmt 1 view .LVU30
 123              		.loc 1 58 24 is_stmt 0 view .LVU31
 124 006e 0123     		movs	r3, #1
 125 0070 0693     		str	r3, [sp, #24]
  59:Src/gpio.c    ****   GPIO_InitStruct.Pull = GPIO_NOPULL;
 126              		.loc 1 59 3 is_stmt 1 view .LVU32
 127              		.loc 1 59 24 is_stmt 0 view .LVU33
 128 0072 0794     		str	r4, [sp, #28]
  60:Src/gpio.c    ****   GPIO_InitStruct.Speed = GPIO_SPEED_FREQ_LOW;
 129              		.loc 1 60 3 is_stmt 1 view .LVU34
 130              		.loc 1 60 25 is_stmt 0 view .LVU35
 131 0074 0894     		str	r4, [sp, #32]
  61:Src/gpio.c    ****   HAL_GPIO_Init(LED_01_GPIO_Port, &GPIO_InitStruct);
 132              		.loc 1 61 3 is_stmt 1 view .LVU36
 133 0076 05A9     		add	r1, sp, #20
 134 0078 2846     		mov	r0, r5
 135 007a FFF7FEFF 		bl	HAL_GPIO_Init
 136              	.LVL1:
  62:Src/gpio.c    **** 
  63:Src/gpio.c    ****   /*Configure GPIO pin : PtPin */
  64:Src/gpio.c    ****   GPIO_InitStruct.Pin = KEY_01_Pin;
 137              		.loc 1 64 3 view .LVU37
 138              		.loc 1 64 23 is_stmt 0 view .LVU38
 139 007e 4FF48053 		mov	r3, #4096
 140 0082 0593     		str	r3, [sp, #20]
  65:Src/gpio.c    ****   GPIO_InitStruct.Mode = GPIO_MODE_IT_RISING;
 141              		.loc 1 65 3 is_stmt 1 view .LVU39
 142              		.loc 1 65 24 is_stmt 0 view .LVU40
 143 0084 4FF48813 		mov	r3, #1114112
 144 0088 0693     		str	r3, [sp, #24]
  66:Src/gpio.c    ****   GPIO_InitStruct.Pull = GPIO_NOPULL;
 145              		.loc 1 66 3 is_stmt 1 view .LVU41
 146              		.loc 1 66 24 is_stmt 0 view .LVU42
 147 008a 0794     		str	r4, [sp, #28]
  67:Src/gpio.c    ****   HAL_GPIO_Init(KEY_01_GPIO_Port, &GPIO_InitStruct);
 148              		.loc 1 67 3 is_stmt 1 view .LVU43
 149 008c 05A9     		add	r1, sp, #20
 150 008e 4FF09040 		mov	r0, #1207959552
 151 0092 FFF7FEFF 		bl	HAL_GPIO_Init
 152              	.LVL2:
  68:Src/gpio.c    **** 
  69:Src/gpio.c    ****   /* EXTI interrupt init*/
  70:Src/gpio.c    ****   HAL_NVIC_SetPriority(EXTI15_10_IRQn, 3, 0);
 153              		.loc 1 70 3 view .LVU44
 154 0096 2246     		mov	r2, r4
 155 0098 0321     		movs	r1, #3
 156 009a 2820     		movs	r0, #40
 157 009c FFF7FEFF 		bl	HAL_NVIC_SetPriority
 158              	.LVL3:
  71:Src/gpio.c    ****   HAL_NVIC_EnableIRQ(EXTI15_10_IRQn);
ARM GAS  C:\Users\zager\AppData\Local\Temp\ccXJ560O.s 			page 5


 159              		.loc 1 71 3 view .LVU45
 160 00a0 2820     		movs	r0, #40
 161 00a2 FFF7FEFF 		bl	HAL_NVIC_EnableIRQ
 162              	.LVL4:
  72:Src/gpio.c    **** 
  73:Src/gpio.c    **** }
 163              		.loc 1 73 1 is_stmt 0 view .LVU46
 164 00a6 0BB0     		add	sp, sp, #44
 165              	.LCFI2:
 166              		.cfi_def_cfa_offset 12
 167              		@ sp needed
 168 00a8 30BD     		pop	{r4, r5, pc}
 169              	.L4:
 170 00aa 00BF     		.align	2
 171              	.L3:
 172 00ac 00100240 		.word	1073876992
 173 00b0 00080048 		.word	1207961600
 174              		.cfi_endproc
 175              	.LFE132:
 177              		.text
 178              	.Letext0:
 179              		.file 2 "d:\\program files (x86)\\gcc-arm-none-eabi-10-2020-q4-major-win32\\tool\\arm-none-eabi\\i
 180              		.file 3 "d:\\program files (x86)\\gcc-arm-none-eabi-10-2020-q4-major-win32\\tool\\arm-none-eabi\\i
 181              		.file 4 "Drivers/CMSIS/Device/ST/STM32G4xx/Include/stm32g431xx.h"
 182              		.file 5 "Drivers/STM32G4xx_HAL_Driver/Inc/stm32g4xx_hal_gpio.h"
 183              		.file 6 "Drivers/STM32G4xx_HAL_Driver/Inc/stm32g4xx_hal_cortex.h"
ARM GAS  C:\Users\zager\AppData\Local\Temp\ccXJ560O.s 			page 6


DEFINED SYMBOLS
                            *ABS*:00000000 gpio.c
C:\Users\zager\AppData\Local\Temp\ccXJ560O.s:18     .text.MX_GPIO_Init:00000000 $t
C:\Users\zager\AppData\Local\Temp\ccXJ560O.s:26     .text.MX_GPIO_Init:00000000 MX_GPIO_Init
C:\Users\zager\AppData\Local\Temp\ccXJ560O.s:172    .text.MX_GPIO_Init:000000ac $d

UNDEFINED SYMBOLS
HAL_GPIO_WritePin
HAL_GPIO_Init
HAL_NVIC_SetPriority
HAL_NVIC_EnableIRQ
